Arguments: 
  /usr/local/bin/node /usr/local/bin/yarn init

PATH: 
  /Library/Frameworks/Python.framework/Versions/3.7/bin:/Library/Frameworks/Python.framework/Versions/3.8/bin:/Library/Frameworks/Python.framework/Versions/3.9/bin:/usr/local/bin:/usr/bin:/bin:/usr/sbin:/sbin:/usr/local/go/bin:/usr/local/share/dotnet:~/.dotnet/tools:/Library/Apple/usr/bin:/Library/Frameworks/Mono.framework/Versions/Current/Commands:/Users/jhunderdog/opt/anaconda3/bin:/Users/jhunderdog/opt/anaconda3/condabin:/Library/Frameworks/Python.framework/Versions/3.7/bin:/Library/Frameworks/Python.framework/Versions/3.8/bin:/Library/Frameworks/Python.framework/Versions/3.9/bin:/Users/jhunderdog/.cargo/bin:/Applications/Visual Studio Code.app/Contents/Resources/app/bin:/Users/jhunderdog/development/flutter/bin:/Users/jhunderdog/development/flutter/.pub-cache/bin:/Users/jhunderdog/development/flutter/bin/cache/dart-sdk/bin:/Library/Frameworks/Mono.framework/Versions/Current/bin:/Users/jhunderdog/Documents/go_study/bin:/Users/jhunderdog/.pub-cache/bin:/Applications/Visual Studio Code.app/Contents/Resources/app/bin:/Users/jhunderdog/development/flutter/bin:/Users/jhunderdog/development/flutter/.pub-cache/bin:/Users/jhunderdog/development/flutter/bin/cache/dart-sdk/bin:/Library/Frameworks/Mono.framework/Versions/Current/bin:/Users/jhunderdog/Documents/go_study/bin:/Users/jhunderdog/.pub-cache/bin

Yarn version: 
  1.22.11

Node version: 
  14.17.3

Platform: 
  darwin x64

Trace: 
  Error: canceled
      at Interface.<anonymous> (/usr/local/lib/node_modules/yarn/lib/cli.js:137023:13)
      at Interface.emit (events.js:375:28)
      at Interface._ttyWrite (readline.js:910:16)
      at ReadStream.onkeypress (readline.js:235:10)
      at ReadStream.emit (events.js:375:28)
      at emitKeys (internal/readline/utils.js:358:14)
      at emitKeys.next (<anonymous>)
      at ReadStream.onData (readline.js:1179:36)
      at ReadStream.emit (events.js:375:28)
      at addChunk (internal/streams/readable.js:290:12)

npm manifest: 
  No manifest

yarn manifest: 
  No manifest

Lockfile: 
  No lockfile
